#
# There is insufficient memory for the Java Runtime Environment to continue.
# Native memory allocation (malloc) failed to allocate 131088 bytes for Chunk::new
# Possible reasons:
#   The system is out of physical RAM or swap space
#   In 32 bit mode, the process size limit was hit
# Possible solutions:
#   Reduce memory load on the system
#   Increase physical memory or swap space
#   Check if swap backing store is full
#   Use 64 bit Java on a 64 bit OS
#   Decrease Java heap size (-Xmx/-Xms)
#   Decrease number of Java threads
#   Decrease Java thread stack sizes (-Xss)
#   Set larger code cache with -XX:ReservedCodeCacheSize=
# This output file may be truncated or incomplete.
#
#  Out of Memory Error (allocation.cpp:390), pid=8896, tid=0x0000000000000abc
#
# JRE version: OpenJDK Runtime Environment (8.0_152-b02) (build 1.8.0_152-release-1024-b02)
# Java VM: OpenJDK 64-Bit Server VM (25.152-b02 mixed mode windows-amd64 compressed oops)
# Failed to write core dump. Minidumps are not enabled by default on client versions of Windows
#

---------------  T H R E A D  ---------------

Current thread (0x0000000015e03000):  JavaThread "C2 CompilerThread1" daemon [_thread_in_native, id=2748, stack(0x0000000017550000,0x0000000017650000)]

Stack: [0x0000000017550000,0x0000000017650000]
[error occurred during error reporting (printing stack bounds), id 0xc0000005]

Native frames: (J=compiled Java code, j=interpreted, Vv=VM code, C=native code)


Current CompileTask:
C2:   9418 2899       4       groovy.lang.MetaClassImpl$1MOPIter::methodNameAction (479 bytes)


---------------  P R O C E S S  ---------------

Java Threads: ( => current thread )
  0x0000000019132800 JavaThread "build operations Thread 4" [_thread_blocked, id=8544, stack(0x000000001eb80000,0x000000001ec80000)]
  0x0000000019130000 JavaThread "build operations Thread 3" [_thread_blocked, id=7244, stack(0x000000001ea80000,0x000000001eb80000)]
  0x0000000019131800 JavaThread "build operations Thread 2" [_thread_blocked, id=8516, stack(0x000000001e980000,0x000000001ea80000)]
  0x0000000015e02800 JavaThread "build operations" [_thread_blocked, id=9156, stack(0x000000001e780000,0x000000001e880000)]
  0x0000000015e04800 JavaThread "Cache worker for Artifact transforms cache (C:\Users\DM\.gradle\caches\transforms-1)" [_thread_blocked, id=7540, stack(0x000000001ca40000,0x000000001cb40000)]
  0x000000001944c800 JavaThread "Cache worker for file hash cache (D:\University\PROGA DIPLOM\Shopping\.gradle\4.4\fileHashes)" [_thread_blocked, id=8584, stack(0x000000001b970000,0x000000001ba70000)]
  0x000000001854e000 JavaThread "File lock request listener" [_thread_in_native, id=6156, stack(0x000000001a8a0000,0x000000001a9a0000)]
  0x0000000018e5d000 JavaThread "Cache worker for file hash cache (C:\Users\DM\.gradle\caches\4.4\fileHashes)" [_thread_blocked, id=3704, stack(0x000000001a7a0000,0x000000001a8a0000)]
  0x0000000018b6d000 JavaThread "Stdin handler" [_thread_blocked, id=7804, stack(0x000000001a4a0000,0x000000001a5a0000)]
  0x0000000018b64800 JavaThread "Asynchronous log dispatcher for DefaultDaemonConnection: socket connection from /127.0.0.1:52977 to /127.0.0.1:52978" [_thread_blocked, id=4028, stack(0x000000001a3a0000,0x000000001a4a0000)]
  0x0000000018b51800 JavaThread "Daemon worker" [_thread_in_vm, id=7628, stack(0x000000001a2a0000,0x000000001a3a0000)]
  0x0000000018ae3800 JavaThread "Cancel handler" [_thread_blocked, id=8704, stack(0x000000001a1a0000,0x000000001a2a0000)]
  0x0000000018ee2800 JavaThread "Handler for socket connection from /127.0.0.1:52977 to /127.0.0.1:52978" [_thread_in_native, id=2676, stack(0x0000000019ea0000,0x0000000019fa0000)]
  0x0000000018edf800 JavaThread "Daemon" [_thread_blocked, id=8232, stack(0x0000000019da0000,0x0000000019ea0000)]
  0x0000000018ec2800 JavaThread "Daemon periodic checks" [_thread_blocked, id=8740, stack(0x0000000019ca0000,0x0000000019da0000)]
  0x0000000018ebe000 JavaThread "Incoming local TCP Connector on port 52977" [_thread_in_native, id=8992, stack(0x0000000019a60000,0x0000000019b60000)]
  0x0000000017783800 JavaThread "Service Thread" daemon [_thread_blocked, id=8268, stack(0x0000000017b50000,0x0000000017c50000)]
  0x0000000015e06000 JavaThread "C1 CompilerThread2" daemon [_thread_blocked, id=8848, stack(0x0000000017650000,0x0000000017750000)]
=>0x0000000015e03000 JavaThread "C2 CompilerThread1" daemon [_thread_in_native, id=2748, stack(0x0000000017550000,0x0000000017650000)]
  0x0000000015dfc800 JavaThread "C2 CompilerThread0" daemon [_thread_in_native, id=3480, stack(0x0000000017450000,0x0000000017550000)]
  0x0000000015dfa800 JavaThread "Attach Listener" daemon [_thread_blocked, id=7708, stack(0x0000000017350000,0x0000000017450000)]
  0x0000000015df9800 JavaThread "Signal Dispatcher" daemon [_thread_blocked, id=3608, stack(0x0000000017250000,0x0000000017350000)]
  0x000000000248c000 JavaThread "Finalizer" daemon [_thread_blocked, id=7612, stack(0x0000000017050000,0x0000000017150000)]
  0x0000000002481000 JavaThread "Reference Handler" daemon [_thread_blocked, id=8748, stack(0x0000000016f50000,0x0000000017050000)]
  0x000000000095d800 JavaThread "main" [_thread_blocked, id=9072, stack(0x0000000002290000,0x0000000002390000)]

Other Threads:
  0x0000000015dc5000 VMThread [stack: 0x0000000016e50000,0x0000000016f50000] [id=3368]
  0x000000001778d000 WatcherThread [stack: 0x0000000017c50000,0x0000000017d50000] [id=2612]

VM state:not at safepoint (normal execution)

VM Mutex/Monitor currently owned by a thread: None

Heap:
 PSYoungGen      total 99840K, used 40952K [0x00000000e0000000, 0x00000000ea180000, 0x0000000100000000)
  eden space 90112K, 35% used [0x00000000e0000000,0x00000000e1f2fa30,0x00000000e5800000)
  from space 9728K, 92% used [0x00000000e5800000,0x00000000e60ce850,0x00000000e6180000)
  to   space 10752K, 0% used [0x00000000e9700000,0x00000000e9700000,0x00000000ea180000)
 ParOldGen       total 45056K, used 7668K [0x00000000a0000000, 0x00000000a2c00000, 0x00000000e0000000)
  object space 45056K, 17% used [0x00000000a0000000,0x00000000a077d098,0x00000000a2c00000)
 Metaspace       used 29308K, capacity 29648K, committed 29952K, reserved 1075200K
  class space    used 4088K, capacity 4235K, committed 4352K, reserved 1048576K

Card table byte_map: [0x0000000011850000,0x0000000011b60000] byte_map_base: 0x0000000011350000

Marking Bits: (ParMarkBitMap*) 0x0000000055ee4970
 Begin Bits: [0x0000000012160000, 0x0000000013960000)
 End Bits:   [0x0000000013960000, 0x0000000015160000)

Polling page: 0x00000000001f0000

CodeCache: size=245760Kb used=9087Kb max_used=9609Kb free=236672Kb
 bounds [0x0000000002490000, 0x0000000002e00000, 0x0000000011490000]
 total_blobs=3262 nmethods=2606 adapters=570
 compilation: enabled

Compilation events (10 events):
Event: 9.398 Thread 0x0000000015e06000 2924   !   3       java.io.PrintWriter::write (58 bytes)
Event: 9.399 Thread 0x0000000015e06000 nmethod 2924 0x00000000028b36d0 code [0x00000000028b3880, 0x00000000028b3f28]
Event: 9.401 Thread 0x0000000015e06000 2926       3       java.lang.StackTraceElement::equals (80 bytes)
Event: 9.402 Thread 0x0000000015e06000 nmethod 2926 0x0000000002947850 code [0x0000000002947a20, 0x00000000029482c8]
Event: 9.407 Thread 0x0000000015e06000 2928       1       java.lang.StackTraceElement::getLineNumber (5 bytes)
Event: 9.407 Thread 0x0000000015e06000 nmethod 2928 0x000000000262a550 code [0x000000000262a6a0, 0x000000000262a7b0]
Event: 9.407 Thread 0x0000000015e06000 2929       1       java.lang.StackTraceElement::getFileName (5 bytes)
Event: 9.408 Thread 0x0000000015e06000 nmethod 2929 0x0000000002c01890 code [0x0000000002c019e0, 0x0000000002c01af0]
Event: 9.410 Thread 0x0000000015e06000 2930       3       java.util.regex.Pattern$LastNode::match (45 bytes)
Event: 9.410 Thread 0x0000000015e06000 nmethod 2930 0x0000000002947390 code [0x0000000002947500, 0x0000000002947730]

GC Heap History (10 events):
Event: 3.680 GC heap before
{Heap before GC invocations=4 (full 0):
 PSYoungGen      total 26112K, used 26080K [0x00000000e0000000, 0x00000000e3300000, 0x0000000100000000)
  eden space 22528K, 100% used [0x00000000e0000000,0x00000000e1600000,0x00000000e1600000)
  from space 3584K, 99% used [0x00000000e1600000,0x00000000e1978020,0x00000000e1980000)
  to   space 3584K, 0% used [0x00000000e2f80000,0x00000000e2f80000,0x00000000e3300000)
 ParOldGen       total 60416K, used 2215K [0x00000000a0000000, 0x00000000a3b00000, 0x00000000e0000000)
  object space 60416K, 3% used [0x00000000a0000000,0x00000000a0229df8,0x00000000a3b00000)
 Metaspace       used 13551K, capacity 13876K, committed 14080K, reserved 1060864K
  class space    used 1880K, capacity 2024K, committed 2048K, reserved 1048576K
Event: 3.701 GC heap after
Heap after GC invocations=4 (full 0):
 PSYoungGen      total 48640K, used 3552K [0x00000000e0000000, 0x00000000e3300000, 0x0000000100000000)
  eden space 45056K, 0% used [0x00000000e0000000,0x00000000e0000000,0x00000000e2c00000)
  from space 3584K, 99% used [0x00000000e2f80000,0x00000000e32f8020,0x00000000e3300000)
  to   space 3584K, 0% used [0x00000000e2c00000,0x00000000e2c00000,0x00000000e2f80000)
 ParOldGen       total 60416K, used 4477K [0x00000000a0000000, 0x00000000a3b00000, 0x00000000e0000000)
  object space 60416K, 7% used [0x00000000a0000000,0x00000000a045f6e8,0x00000000a3b00000)
 Metaspace       used 13551K, capacity 13876K, committed 14080K, reserved 1060864K
  class space    used 1880K, capacity 2024K, committed 2048K, reserved 1048576K
}
Event: 5.165 GC heap before
{Heap before GC invocations=5 (full 0):
 PSYoungGen      total 48640K, used 48608K [0x00000000e0000000, 0x00000000e3300000, 0x0000000100000000)
  eden space 45056K, 100% used [0x00000000e0000000,0x00000000e2c00000,0x00000000e2c00000)
  from space 3584K, 99% used [0x00000000e2f80000,0x00000000e32f8020,0x00000000e3300000)
  to   space 3584K, 0% used [0x00000000e2c00000,0x00000000e2c00000,0x00000000e2f80000)
 ParOldGen       total 60416K, used 4477K [0x00000000a0000000, 0x00000000a3b00000, 0x00000000e0000000)
  object space 60416K, 7% used [0x00000000a0000000,0x00000000a045f6e8,0x00000000a3b00000)
 Metaspace       used 18503K, capacity 18898K, committed 19200K, reserved 1064960K
  class space    used 2606K, capacity 2733K, committed 2816K, reserved 1048576K
Event: 5.189 GC heap after
Heap after GC invocations=5 (full 0):
 PSYoungGen      total 48640K, used 3552K [0x00000000e0000000, 0x00000000e6c00000, 0x0000000100000000)
  eden space 45056K, 0% used [0x00000000e0000000,0x00000000e0000000,0x00000000e2c00000)
  from space 3584K, 99% used [0x00000000e2c00000,0x00000000e2f78030,0x00000000e2f80000)
  to   space 10240K, 0% used [0x00000000e6200000,0x00000000e6200000,0x00000000e6c00000)
 ParOldGen       total 60416K, used 10469K [0x00000000a0000000, 0x00000000a3b00000, 0x00000000e0000000)
  object space 60416K, 17% used [0x00000000a0000000,0x00000000a0a396e8,0x00000000a3b00000)
 Metaspace       used 18503K, capacity 18898K, committed 19200K, reserved 1064960K
  class space    used 2606K, capacity 2733K, committed 2816K, reserved 1048576K
}
Event: 5.492 GC heap before
{Heap before GC invocations=6 (full 0):
 PSYoungGen      total 48640K, used 12025K [0x00000000e0000000, 0x00000000e6c00000, 0x0000000100000000)
  eden space 45056K, 18% used [0x00000000e0000000,0x00000000e08466c0,0x00000000e2c00000)
  from space 3584K, 99% used [0x00000000e2c00000,0x00000000e2f78030,0x00000000e2f80000)
  to   space 10240K, 0% used [0x00000000e6200000,0x00000000e6200000,0x00000000e6c00000)
 ParOldGen       total 60416K, used 10469K [0x00000000a0000000, 0x00000000a3b00000, 0x00000000e0000000)
  object space 60416K, 17% used [0x00000000a0000000,0x00000000a0a396e8,0x00000000a3b00000)
 Metaspace       used 20792K, capacity 21074K, committed 21248K, reserved 1067008K
  class space    used 2898K, capacity 2989K, committed 3072K, reserved 1048576K
Event: 5.502 GC heap after
Heap after GC invocations=6 (full 0):
 PSYoungGen      total 99328K, used 5310K [0x00000000e0000000, 0x00000000e6b00000, 0x0000000100000000)
  eden space 90112K, 0% used [0x00000000e0000000,0x00000000e0000000,0x00000000e5800000)
  from space 9216K, 57% used [0x00000000e6200000,0x00000000e672fab0,0x00000000e6b00000)
  to   space 9728K, 0% used [0x00000000e5800000,0x00000000e5800000,0x00000000e6180000)
 ParOldGen       total 60416K, used 10477K [0x00000000a0000000, 0x00000000a3b00000, 0x00000000e0000000)
  object space 60416K, 17% used [0x00000000a0000000,0x00000000a0a3b6e8,0x00000000a3b00000)
 Metaspace       used 20792K, capacity 21074K, committed 21248K, reserved 1067008K
  class space    used 2898K, capacity 2989K, committed 3072K, reserved 1048576K
}
Event: 5.502 GC heap before
{Heap before GC invocations=7 (full 1):
 PSYoungGen      total 99328K, used 5310K [0x00000000e0000000, 0x00000000e6b00000, 0x0000000100000000)
  eden space 90112K, 0% used [0x00000000e0000000,0x00000000e0000000,0x00000000e5800000)
  from space 9216K, 57% used [0x00000000e6200000,0x00000000e672fab0,0x00000000e6b00000)
  to   space 9728K, 0% used [0x00000000e5800000,0x00000000e5800000,0x00000000e6180000)
 ParOldGen       total 60416K, used 10477K [0x00000000a0000000, 0x00000000a3b00000, 0x00000000e0000000)
  object space 60416K, 17% used [0x00000000a0000000,0x00000000a0a3b6e8,0x00000000a3b00000)
 Metaspace       used 20792K, capacity 21074K, committed 21248K, reserved 1067008K
  class space    used 2898K, capacity 2989K, committed 3072K, reserved 1048576K
Event: 5.572 GC heap after
Heap after GC invocations=7 (full 1):
 PSYoungGen      total 99328K, used 0K [0x00000000e0000000, 0x00000000e6b00000, 0x0000000100000000)
  eden space 90112K, 0% used [0x00000000e0000000,0x00000000e0000000,0x00000000e5800000)
  from space 9216K, 0% used [0x00000000e6200000,0x00000000e6200000,0x00000000e6b00000)
  to   space 9728K, 0% used [0x00000000e5800000,0x00000000e5800000,0x00000000e6180000)
 ParOldGen       total 45056K, used 7660K [0x00000000a0000000, 0x00000000a2c00000, 0x00000000e0000000)
  object space 45056K, 17% used [0x00000000a0000000,0x00000000a077b098,0x00000000a2c00000)
 Metaspace       used 20792K, capacity 21074K, committed 21248K, reserved 1067008K
  class space    used 2898K, capacity 2989K, committed 3072K, reserved 1048576K
}
Event: 8.085 GC heap before
{Heap before GC invocations=8 (full 1):
 PSYoungGen      total 99328K, used 90112K [0x00000000e0000000, 0x00000000e6b00000, 0x0000000100000000)
  eden space 90112K, 100% used [0x00000000e0000000,0x00000000e5800000,0x00000000e5800000)
  from space 9216K, 0% used [0x00000000e6200000,0x00000000e6200000,0x00000000e6b00000)
  to   space 9728K, 0% used [0x00000000e5800000,0x00000000e5800000,0x00000000e6180000)
 ParOldGen       total 45056K, used 7660K [0x00000000a0000000, 0x00000000a2c00000, 0x00000000e0000000)
  object space 45056K, 17% used [0x00000000a0000000,0x00000000a077b098,0x00000000a2c00000)
 Metaspace       used 27886K, capacity 28274K, committed 28672K, reserved 1073152K
  class space    used 3900K, capacity 4036K, committed 4096K, reserved 1048576K
Event: 8.108 GC heap after
Heap after GC invocations=8 (full 1):
 PSYoungGen      total 99840K, used 9018K [0x00000000e0000000, 0x00000000ea180000, 0x0000000100000000)
  eden space 90112K, 0% used [0x00000000e0000000,0x00000000e0000000,0x00000000e5800000)
  from space 9728K, 92% used [0x00000000e5800000,0x00000000e60ce850,0x00000000e6180000)
  to   space 10752K, 0% used [0x00000000e9700000,0x00000000e9700000,0x00000000ea180000)
 ParOldGen       total 45056K, used 7668K [0x00000000a0000000, 0x00000000a2c00000, 0x00000000e0000000)
  object space 45056K, 17% used [0x00000000a0000000,0x00000000a077d098,0x00000000a2c00000)
 Metaspace       used 27886K, capacity 28274K, committed 28672K, reserved 1073152K
  class space    used 3900K, capacity 4036K, committed 4096K, reserved 1048576K
}

Deoptimization events (10 events):
Event: 6.884 Thread 0x0000000018b51800 Uncommon trap: reason=unstable_if action=reinterpret pc=0x000000000288baf0 method=java.util.LinkedHashMap.afterNodeInsertion(Z)V @ 1
Event: 6.938 Thread 0x0000000018b51800 Uncommon trap: reason=class_check action=maybe_recompile pc=0x0000000002a29500 method=java.lang.reflect.Method.equals(Ljava/lang/Object;)Z @ 5
Event: 6.939 Thread 0x0000000018b51800 Uncommon trap: reason=class_check action=maybe_recompile pc=0x0000000002a29500 method=java.lang.reflect.Method.equals(Ljava/lang/Object;)Z @ 5
Event: 7.169 Thread 0x0000000018b51800 Uncommon trap: reason=class_check action=maybe_recompile pc=0x0000000002667d74 method=sun.misc.URLClassPath.getLoader(I)Lsun/misc/URLClassPath$Loader; @ 94
Event: 7.180 Thread 0x0000000018b51800 Uncommon trap: reason=class_check action=maybe_recompile pc=0x000000000266fae8 method=sun.misc.URLClassPath.getLoader(I)Lsun/misc/URLClassPath$Loader; @ 239
Event: 7.322 Thread 0x0000000018b51800 Uncommon trap: reason=unstable_if action=reinterpret pc=0x00000000027106a4 method=java.io.WinNTFileSystem.resolve(Ljava/lang/String;Ljava/lang/String;)Ljava/lang/String; @ 49
Event: 8.195 Thread 0x0000000018b51800 Uncommon trap: reason=bimorphic action=maybe_recompile pc=0x0000000002c8c3a8 method=java.io.BufferedInputStream.read([BII)I @ 101
Event: 8.589 Thread 0x0000000018b51800 Uncommon trap: reason=bimorphic action=maybe_recompile pc=0x0000000002c8c3a8 method=java.io.BufferedInputStream.read([BII)I @ 101
Event: 8.589 Thread 0x0000000018b51800 Uncommon trap: reason=unstable_if action=reinterpret pc=0x0000000002de3264 method=com.esotericsoftware.kryo.io.Output.writeString(Ljava/lang/CharSequence;)V @ 1
Event: 9.383 Thread 0x0000000018b51800 Uncommon trap: reason=unstable_if action=reinterpret pc=0x000000000265778c method=java.io.ObjectOutputStream$BlockDataOutputStream.writeBytes(Ljava/lang/String;)V @ 22

Classes redefined (0 events):
No events

Internal exceptions (10 events):
Event: 8.589 Thread 0x0000000018b51800 Implicit null exception at 0x0000000002de2fb0 to 0x0000000002de3255
Event: 9.347 Thread 0x0000000018b51800 Exception <a 'java/lang/ClassNotFoundException': build_apku8fjalof6w3630gd6udcreBeanInfo> (0x00000000e19ba6f8) thrown at [D:\src\AOSP-openjdk-cygwin\jdk8u\hotspot\src\share\vm\classfile\systemDictionary.cpp, line 210]
Event: 9.348 Thread 0x0000000018b51800 Exception <a 'java/lang/ClassNotFoundException': build_apku8fjalof6w3630gd6udcreCustomizer> (0x00000000e19c4938) thrown at [D:\src\AOSP-openjdk-cygwin\jdk8u\hotspot\src\share\vm\classfile\systemDictionary.cpp, line 210]
Event: 9.371 Thread 0x0000000018b51800 Exception <a 'java/lang/OutOfMemoryError'> (0x00000000e1a9e590) thrown at [D:\src\AOSP-openjdk-cygwin\jdk8u\hotspot\src\share\vm\prims\jni.cpp, line 735]
Event: 9.371 Thread 0x0000000018b51800 Exception <a 'java/lang/OutOfMemoryError'> (0x00000000e1a9e590) thrown at [D:\src\AOSP-openjdk-cygwin\jdk8u\hotspot\src\share\vm\prims\jvm.cpp, line 1394]
Event: 9.371 Thread 0x0000000018b51800 Exception <a 'java/lang/OutOfMemoryError'> (0x00000000e1a9e590) thrown at [D:\src\AOSP-openjdk-cygwin\jdk8u\hotspot\src\share\vm\prims\jvm.cpp, line 1394]
Event: 9.371 Thread 0x0000000018b51800 Exception <a 'java/lang/OutOfMemoryError'> (0x00000000e1a9e590) thrown at [D:\src\AOSP-openjdk-cygwin\jdk8u\hotspot\src\share\vm\prims\jvm.cpp, line 1394]
Event: 9.371 Thread 0x0000000018b51800 Exception <a 'java/lang/OutOfMemoryError'> (0x00000000e1a9e590) thrown at [D:\src\AOSP-openjdk-cygwin\jdk8u\hotspot\src\share\vm\prims\jvm.cpp, line 1394]
Event: 9.380 Thread 0x0000000018b51800 Exception <a 'java/lang/NoSuchMethodError': <clinit>> (0x00000000e1b71ce0) thrown at [D:\src\AOSP-openjdk-cygwin\jdk8u\hotspot\src\share\vm\prims\jni.cpp, line 1613]
Event: 9.383 Thread 0x0000000018b51800 Exception <a 'java/lang/NoSuchMethodError': <clinit>> (0x00000000e1b8c348) thrown at [D:\src\AOSP-openjdk-cygwin\jdk8u\hotspot\src\share\vm\prims\jni.cpp, line 1613]

Events (10 events):
Event: 9.404 loading class org/gradle/execution/MultipleBuildFailures done
Event: 9.405 loading class org/gradle/api/tasks/TaskExecutionException
Event: 9.405 loading class org/gradle/api/tasks/TaskExecutionException done
Event: 9.405 loading class org/gradle/internal/exceptions/Contextual
Event: 9.405 loading class org/gradle/internal/exceptions/Contextual done
Event: 9.408 loading class org/gradle/internal/exceptions/LocationAwareException$1
Event: 9.408 loading class org/gradle/internal/exceptions/LocationAwareException$1 done
Event: 9.409 loading class org/codehaus/groovy/runtime/StackTraceUtils
Event: 9.409 loading class org/codehaus/groovy/runtime/StackTraceUtils done
Event: 9.410 loading class java/util/logging/LogRecord


Dynamic libraries:
0x00007ff789d90000 - 0x00007ff789dc1000 	C:\Program Files\Android\Android Studio\jre\bin\java.exe
0x00007fff0c8f0000 - 0x00007fff0cad1000 	C:\Windows\SYSTEM32\ntdll.dll
0x00007fff0a770000 - 0x00007fff0a822000 	C:\Windows\System32\KERNEL32.DLL
0x00007fff08d10000 - 0x00007fff08f83000 	C:\Windows\System32\KERNELBASE.dll
0x00007fff0a5e0000 - 0x00007fff0a681000 	C:\Windows\System32\ADVAPI32.dll
0x00007fff0c7e0000 - 0x00007fff0c87e000 	C:\Windows\System32\msvcrt.dll
0x00007fff0a570000 - 0x00007fff0a5cb000 	C:\Windows\System32\sechost.dll
0x00007fff0b270000 - 0x00007fff0b394000 	C:\Windows\System32\RPCRT4.dll
0x00007fff0ac80000 - 0x00007fff0ae10000 	C:\Windows\System32\USER32.dll
0x00007fff09ad0000 - 0x00007fff09af0000 	C:\Windows\System32\win32u.dll
0x00007fff0c890000 - 0x00007fff0c8b8000 	C:\Windows\System32\GDI32.dll
0x00007fff09110000 - 0x00007fff092a2000 	C:\Windows\System32\gdi32full.dll
0x00007fff09af0000 - 0x00007fff09b8f000 	C:\Windows\System32\msvcp_win.dll
0x00007fff09010000 - 0x00007fff0910a000 	C:\Windows\System32\ucrtbase.dll
0x00007ffef61d0000 - 0x00007ffef6439000 	C:\Windows\WinSxS\amd64_microsoft.windows.common-controls_6595b64144ccf1df_6.0.17134.83_none_b4b229b63cb4d045\COMCTL32.dll
0x00007fff0a080000 - 0x00007fff0a3a3000 	C:\Windows\System32\combase.dll
0x00007fff08f90000 - 0x00007fff0900a000 	C:\Windows\System32\bcryptPrimitives.dll
0x00007fff0a540000 - 0x00007fff0a56d000 	C:\Windows\System32\IMM32.DLL
0x0000000054cd0000 - 0x0000000054da2000 	C:\Program Files\Android\Android Studio\jre\jre\bin\msvcr100.dll
0x0000000055720000 - 0x0000000055f5f000 	C:\Program Files\Android\Android Studio\jre\jre\bin\server\jvm.dll
0x00007fff0a5d0000 - 0x00007fff0a5d8000 	C:\Windows\System32\PSAPI.DLL
0x00007fff06d70000 - 0x00007fff06d79000 	C:\Windows\SYSTEM32\WSOCK32.dll
0x00007fff06950000 - 0x00007fff06973000 	C:\Windows\SYSTEM32\WINMM.dll
0x00007fff04190000 - 0x00007fff0419a000 	C:\Windows\SYSTEM32\VERSION.dll
0x00007fff0a3b0000 - 0x00007fff0a41c000 	C:\Windows\System32\WS2_32.dll
0x00007fff06920000 - 0x00007fff0694a000 	C:\Windows\SYSTEM32\WINMMBASE.dll
0x00007fff08cc0000 - 0x00007fff08d09000 	C:\Windows\System32\cfgmgr32.dll
0x00007fff06d60000 - 0x00007fff06d6f000 	C:\Program Files\Android\Android Studio\jre\jre\bin\verify.dll
0x00007fff06d30000 - 0x00007fff06d59000 	C:\Program Files\Android\Android Studio\jre\jre\bin\java.dll
0x00007fff06d10000 - 0x00007fff06d26000 	C:\Program Files\Android\Android Studio\jre\jre\bin\zip.dll
0x00007fff0b3a0000 - 0x00007fff0c7e0000 	C:\Windows\System32\SHELL32.dll
0x00007fff0ae70000 - 0x00007fff0af19000 	C:\Windows\System32\shcore.dll
0x00007fff09310000 - 0x00007fff09a1d000 	C:\Windows\System32\windows.storage.dll
0x00007fff0b210000 - 0x00007fff0b261000 	C:\Windows\System32\shlwapi.dll
0x00007fff08c00000 - 0x00007fff08c11000 	C:\Windows\System32\kernel.appcore.dll
0x00007fff08ca0000 - 0x00007fff08cbf000 	C:\Windows\System32\profapi.dll
0x00007fff08c20000 - 0x00007fff08c6c000 	C:\Windows\System32\powrprof.dll
0x00007fff08c70000 - 0x00007fff08c7a000 	C:\Windows\System32\FLTLIB.DLL
0x00007fff06cf0000 - 0x00007fff06d0a000 	C:\Program Files\Android\Android Studio\jre\jre\bin\net.dll
0x00007fff08480000 - 0x00007fff084e6000 	C:\Windows\system32\mswsock.dll
0x00007fff06cd0000 - 0x00007fff06ce1000 	C:\Program Files\Android\Android Studio\jre\jre\bin\nio.dll
0x00007ffeff570000 - 0x00007ffeff58e000 	C:\Users\DM\.gradle\native\25\windows-amd64\native-platform.dll
0x00007fff06cc0000 - 0x00007fff06ccd000 	C:\Program Files\Android\Android Studio\jre\jre\bin\management.dll
0x00007fff08630000 - 0x00007fff08647000 	C:\Windows\SYSTEM32\CRYPTSP.dll
0x00007fff08000000 - 0x00007fff08033000 	C:\Windows\system32\rsaenh.dll
0x00007fff08760000 - 0x00007fff08785000 	C:\Windows\SYSTEM32\bcrypt.dll
0x00007fff08b30000 - 0x00007fff08b58000 	C:\Windows\SYSTEM32\USERENV.dll
0x00007fff08650000 - 0x00007fff0865b000 	C:\Windows\SYSTEM32\CRYPTBASE.dll
0x00007fff08200000 - 0x00007fff08238000 	C:\Windows\SYSTEM32\IPHLPAPI.DLL
0x00007fff0c880000 - 0x00007fff0c888000 	C:\Windows\System32\NSI.dll
0x00007fff01130000 - 0x00007fff01146000 	C:\Windows\SYSTEM32\dhcpcsvc6.DLL
0x00007fff01730000 - 0x00007fff0174a000 	C:\Windows\SYSTEM32\dhcpcsvc.DLL

VM Arguments:
jvm_args: -Xmx1536m -Dfile.encoding=windows-1251 -Duser.country=UA -Duser.language=uk -Duser.variant 
java_command: org.gradle.launcher.daemon.bootstrap.GradleDaemon 4.4
java_class_path (initial): C:\Users\DM\.gradle\wrapper\dists\gradle-4.4-all\9br9xq1tocpiv8o6njlyu5op1\gradle-4.4\lib\gradle-launcher-4.4.jar
Launcher Type: SUN_STANDARD

Environment Variables:
PATH=C:\Windows\system32;C:\Windows;C:\Windows\System32\Wbem;C:\Windows\System32\WindowsPowerShell\v1.0\;C:\Windows\System32\OpenSSH\;C:\Program Files (x86)\Skype\Phone\;C:\Users\DM\AppData\Local\Microsoft\WindowsApps;
USERNAME=DM
OS=Windows_NT
PROCESSOR_IDENTIFIER=AMD64 Family 21 Model 19 Stepping 1, AuthenticAMD



---------------  S Y S T E M  ---------------

OS: Windows 10.0 , 64 bit Build 17134 (10.0.17134.1)

CPU:total 4 (initial active 4) (4 cores per cpu, 1 threads per core) family 21 model 19 stepping 1, cmov, cx8, fxsr, mmx, sse, sse2, sse3, ssse3, sse4.1, sse4.2, popcnt, avx, aes, clmul, mmxext, 3dnowpref, lzcnt, sse4a, tsc, tscinvbit, tscinv, bmi1

Memory: 4k page, physical 5715312k(724920k free), swap 5715312k(1524k free)

vm_info: OpenJDK 64-Bit Server VM (25.152-b02) for windows-amd64 JRE (1.8.0_152-release-1024-b02), built by "builder" with MS VC++ 10.0 (VS2010)

time: Sat Jun 16 20:17:44 2018
elapsed time: 9 seconds (0d 0h 0m 9s)

