#
# There is insufficient memory for the Java Runtime Environment to continue.
# Native memory allocation (malloc) failed to allocate 1500816 bytes for Chunk::new
# Possible reasons:
#   The system is out of physical RAM or swap space
#   In 32 bit mode, the process size limit was hit
# Possible solutions:
#   Reduce memory load on the system
#   Increase physical memory or swap space
#   Check if swap backing store is full
#   Use 64 bit Java on a 64 bit OS
#   Decrease Java heap size (-Xmx/-Xms)
#   Decrease number of Java threads
#   Decrease Java thread stack sizes (-Xss)
#   Set larger code cache with -XX:ReservedCodeCacheSize=
# This output file may be truncated or incomplete.
#
#  Out of Memory Error (allocation.cpp:390), pid=1400, tid=0x0000000000000f84
#
# JRE version: OpenJDK Runtime Environment (8.0_152-b02) (build 1.8.0_152-release-1024-b02)
# Java VM: OpenJDK 64-Bit Server VM (25.152-b02 mixed mode windows-amd64 compressed oops)
# Failed to write core dump. Minidumps are not enabled by default on client versions of Windows
#

---------------  T H R E A D  ---------------

Current thread (0x0000000015b28800):  JavaThread "C2 CompilerThread0" daemon [_thread_in_native, id=3972, stack(0x0000000017190000,0x0000000017290000)]

Stack: [0x0000000017190000,0x0000000017290000]
[error occurred during error reporting (printing stack bounds), id 0xc0000005]

Native frames: (J=compiled Java code, j=interpreted, Vv=VM code, C=native code)


Current CompileTask:
C2:3060197 17478  s    4       java.lang.reflect.Field::declaredAnnotations (59 bytes)


---------------  P R O C E S S  ---------------

Java Threads: ( => current thread )
  0x000000001b09e800 JavaThread "ForkJoinPool.commonPool-worker-3" daemon [_thread_blocked, id=8796, stack(0x0000000029e20000,0x0000000029f20000)]
  0x000000001b09d800 JavaThread "Worker Daemon Execution" [_thread_blocked, id=7944, stack(0x0000000029d20000,0x0000000029e20000)]
  0x00000000191dc000 JavaThread "Cache worker for Java compile cache (D:\University\PROGA DIPLOM\Shopping\.gradle\4.4\javaCompile)" [_thread_blocked, id=8704, stack(0x0000000029c20000,0x0000000029d20000)]
  0x00000000191e2000 JavaThread "Task worker for ':' Thread 3" [_thread_blocked, id=8404, stack(0x0000000028e20000,0x0000000028f20000)]
  0x00000000191e1800 JavaThread "Task worker for ':' Thread 2" [_thread_in_native, id=9544, stack(0x0000000028d20000,0x0000000028e20000)]
  0x000000001d121800 JavaThread "Task worker for ':'" [_thread_blocked, id=2216, stack(0x0000000028c20000,0x0000000028d20000)]
  0x000000001d120000 JavaThread "Cache worker for Build Output Cleanup Cache (D:\University\PROGA DIPLOM\Shopping\.gradle\buildOutputCleanup)" [_thread_blocked, id=7688, stack(0x0000000028b20000,0x0000000028c20000)]
  0x000000001d11f800 JavaThread "Cache worker for task history cache (D:\University\PROGA DIPLOM\Shopping\.gradle\4.4\taskHistory)" [_thread_blocked, id=2776, stack(0x0000000028a20000,0x0000000028b20000)]
  0x000000001d11b000 JavaThread "Cache worker for file content cache (D:\University\PROGA DIPLOM\Shopping\.gradle\4.4\fileContent)" [_thread_blocked, id=6572, stack(0x0000000028920000,0x0000000028a20000)]
  0x000000001d11e800 JavaThread "build operations Thread 4" [_thread_blocked, id=3796, stack(0x0000000028820000,0x0000000028920000)]
  0x000000001d11b800 JavaThread "build operations Thread 3" [_thread_blocked, id=5608, stack(0x0000000028720000,0x0000000028820000)]
  0x000000001d11e000 JavaThread "build operations Thread 2" [_thread_blocked, id=4684, stack(0x0000000028620000,0x0000000028720000)]
  0x000000001d11c800 JavaThread "build operations" [_thread_blocked, id=6560, stack(0x0000000028520000,0x0000000028620000)]
  0x000000001d113000 JavaThread "Cache worker for Artifact transforms cache (C:\Users\DM\.gradle\caches\transforms-1)" [_thread_blocked, id=2352, stack(0x0000000028420000,0x0000000028520000)]
  0x000000001d11a000 JavaThread "Cache worker for file hash cache (D:\University\PROGA DIPLOM\Shopping\.gradle\4.4\fileHashes)" [_thread_blocked, id=8260, stack(0x0000000028320000,0x0000000028420000)]
  0x000000001d118000 JavaThread "Stdin handler" [_thread_blocked, id=4860, stack(0x0000000028220000,0x0000000028320000)]
  0x000000001d119800 JavaThread "Asynchronous log dispatcher for DefaultDaemonConnection: socket connection from /127.0.0.1:52899 to /127.0.0.1:54758" [_thread_blocked, id=5776, stack(0x0000000028120000,0x0000000028220000)]
  0x000000001d118800 JavaThread "Daemon worker Thread 4" [_thread_blocked, id=3624, stack(0x0000000028020000,0x0000000028120000)]
  0x000000001d117000 JavaThread "Cancel handler" [_thread_blocked, id=840, stack(0x0000000027f20000,0x0000000028020000)]
  0x000000001d115800 JavaThread "Handler for socket connection from /127.0.0.1:52899 to /127.0.0.1:54758" [_thread_in_native, id=5908, stack(0x0000000027e20000,0x0000000027f20000)]
  0x000000001d114000 JavaThread "Daemon Thread 4" [_thread_blocked, id=3216, stack(0x0000000027d20000,0x0000000027e20000)]
  0x00000000191db800 JavaThread "Memory manager" [_thread_blocked, id=7136, stack(0x000000001fad0000,0x000000001fbd0000)]
  0x0000000018dba000 JavaThread "File lock request listener" [_thread_in_native, id=9880, stack(0x000000001a5e0000,0x000000001a6e0000)]
  0x0000000018db4800 JavaThread "Cache worker for file hash cache (C:\Users\DM\.gradle\caches\4.4\fileHashes)" [_thread_blocked, id=5016, stack(0x000000001a4e0000,0x000000001a5e0000)]
  0x0000000018a93800 JavaThread "Daemon periodic checks" [_thread_blocked, id=9260, stack(0x00000000199e0000,0x0000000019ae0000)]
  0x0000000018a80000 JavaThread "Incoming local TCP Connector on port 52899" [_thread_in_native, id=9164, stack(0x00000000197a0000,0x00000000198a0000)]
  0x0000000015b8c800 JavaThread "Service Thread" daemon [_thread_blocked, id=10044, stack(0x0000000017890000,0x0000000017990000)]
  0x0000000015b37800 JavaThread "C1 CompilerThread2" daemon [_thread_blocked, id=5904, stack(0x0000000017390000,0x0000000017490000)]
  0x0000000015b2b800 JavaThread "C2 CompilerThread1" daemon [_thread_blocked, id=3680, stack(0x0000000017290000,0x0000000017390000)]
=>0x0000000015b28800 JavaThread "C2 CompilerThread0" daemon [_thread_in_native, id=3972, stack(0x0000000017190000,0x0000000017290000)]
  0x0000000015b27000 JavaThread "Attach Listener" daemon [_thread_blocked, id=7968, stack(0x0000000017090000,0x0000000017190000)]
  0x0000000015b36000 JavaThread "Signal Dispatcher" daemon [_thread_blocked, id=3028, stack(0x0000000016f90000,0x0000000017090000)]
  0x00000000021b6000 JavaThread "Finalizer" daemon [_thread_blocked, id=8460, stack(0x0000000016d90000,0x0000000016e90000)]
  0x00000000021b1000 JavaThread "Reference Handler" daemon [_thread_blocked, id=3032, stack(0x0000000016c90000,0x0000000016d90000)]
  0x000000000061d800 JavaThread "main" [_thread_blocked, id=9400, stack(0x0000000001fc0000,0x00000000020c0000)]

Other Threads:
  0x0000000015af5000 VMThread [stack: 0x0000000016b90000,0x0000000016c90000] [id=1996]
  0x0000000015b8e800 WatcherThread [stack: 0x0000000017990000,0x0000000017a90000] [id=1264]

VM state:not at safepoint (normal execution)

VM Mutex/Monitor currently owned by a thread: None

Heap:
 PSYoungGen      total 329216K, used 141857K [0x00000000e0000000, 0x00000000f6b80000, 0x0000000100000000)
  eden space 301568K, 47% used [0x00000000e0000000,0x00000000e8a88418,0x00000000f2680000)
  from space 27648K, 0% used [0x00000000f4280000,0x00000000f4280000,0x00000000f5d80000)
  to   space 28672K, 0% used [0x00000000f2680000,0x00000000f2680000,0x00000000f4280000)
 ParOldGen       total 84480K, used 67072K [0x00000000a0000000, 0x00000000a5280000, 0x00000000e0000000)
  object space 84480K, 79% used [0x00000000a0000000,0x00000000a41803f0,0x00000000a5280000)
 Metaspace       used 81387K, capacity 84975K, committed 85208K, reserved 1124352K
  class space    used 10301K, capacity 11185K, committed 11264K, reserved 1048576K

Card table byte_map: [0x0000000011580000,0x0000000011890000] byte_map_base: 0x0000000011080000

Marking Bits: (ParMarkBitMap*) 0x0000000077dd4970
 Begin Bits: [0x0000000011e90000, 0x0000000013690000)
 End Bits:   [0x0000000013690000, 0x0000000014e90000)

Polling page: 0x00000000001f0000

CodeCache: size=245760Kb used=51094Kb max_used=53487Kb free=194665Kb
 bounds [0x00000000021c0000, 0x0000000005640000, 0x00000000111c0000]
 total_blobs=14866 nmethods=14008 adapters=770
 compilation: enabled

Compilation events (10 events):
Event: 3058.467 Thread 0x0000000015b37800 17507       1       org.gradle.api.internal.changedetection.state.DirectoryTreeDetails::getDescendants (5 bytes)
Event: 3058.468 Thread 0x0000000015b37800 nmethod 17507 0x00000000051d2f50 code [0x00000000051d30a0, 0x00000000051d31b0]
Event: 3058.468 Thread 0x0000000015b37800 17508       1       org.gradle.api.internal.tasks.DefaultTaskInputFilePropertySpec::getNormalizer (5 bytes)
Event: 3058.468 Thread 0x0000000015b37800 nmethod 17508 0x000000000524db90 code [0x000000000524dce0, 0x000000000524ddf0]
Event: 3058.468 Thread 0x0000000015b37800 17509       1       org.gradle.api.internal.tasks.DefaultTaskInputFilePropertySpec::getPathNormalizationStrategy (5 bytes)
Event: 3058.468 Thread 0x0000000015b37800 nmethod 17509 0x000000000529bad0 code [0x000000000529bc20, 0x000000000529bd30]
Event: 3058.473 Thread 0x0000000015b37800 17510       3       org.gradle.internal.logging.services.DefaultLoggingManager$StartableLoggingSystem::start (52 bytes)
Event: 3058.474 Thread 0x0000000015b37800 nmethod 17510 0x00000000028d9850 code [0x00000000028d99e0, 0x00000000028d9e28]
Event: 3058.543 Thread 0x0000000015b37800 17511       3       java.net.URI::needsNormalization (184 bytes)
Event: 3058.545 Thread 0x0000000015b37800 nmethod 17511 0x0000000003c14e10 code [0x0000000003c150e0, 0x0000000003c168a8]

GC Heap History (10 events):
Event: 3030.473 GC heap before
{Heap before GC invocations=24 (full 3):
 PSYoungGen      total 253440K, used 243934K [0x00000000e0000000, 0x00000000f1480000, 0x0000000100000000)
  eden space 237056K, 100% used [0x00000000e0000000,0x00000000ee780000,0x00000000ee780000)
  from space 16384K, 41% used [0x00000000f0480000,0x00000000f0b37950,0x00000000f1480000)
  to   space 23040K, 0% used [0x00000000ee780000,0x00000000ee780000,0x00000000efe00000)
 ParOldGen       total 84480K, used 62253K [0x00000000a0000000, 0x00000000a5280000, 0x00000000e0000000)
  object space 84480K, 73% used [0x00000000a0000000,0x00000000a3ccb428,0x00000000a5280000)
 Metaspace       used 73874K, capacity 77407K, committed 77656K, reserved 1116160K
  class space    used 9462K, capacity 10309K, committed 10368K, reserved 1048576K
Event: 3030.504 GC heap after
Heap after GC invocations=24 (full 3):
 PSYoungGen      total 260096K, used 8532K [0x00000000e0000000, 0x00000000f3200000, 0x0000000100000000)
  eden space 237056K, 0% used [0x00000000e0000000,0x00000000e0000000,0x00000000ee780000)
  from space 23040K, 37% used [0x00000000ee780000,0x00000000eefd5090,0x00000000efe00000)
  to   space 22016K, 0% used [0x00000000f1c80000,0x00000000f1c80000,0x00000000f3200000)
 ParOldGen       total 84480K, used 62261K [0x00000000a0000000, 0x00000000a5280000, 0x00000000e0000000)
  object space 84480K, 73% used [0x00000000a0000000,0x00000000a3ccd428,0x00000000a5280000)
 Metaspace       used 73874K, capacity 77407K, committed 77656K, reserved 1116160K
  class space    used 9462K, capacity 10309K, committed 10368K, reserved 1048576K
}
Event: 3036.895 GC heap before
{Heap before GC invocations=25 (full 3):
 PSYoungGen      total 260096K, used 244018K [0x00000000e0000000, 0x00000000f3200000, 0x0000000100000000)
  eden space 237056K, 99% used [0x00000000e0000000,0x00000000ee5f77b8,0x00000000ee780000)
  from space 23040K, 37% used [0x00000000ee780000,0x00000000eefd5090,0x00000000efe00000)
  to   space 22016K, 0% used [0x00000000f1c80000,0x00000000f1c80000,0x00000000f3200000)
 ParOldGen       total 84480K, used 62261K [0x00000000a0000000, 0x00000000a5280000, 0x00000000e0000000)
  object space 84480K, 73% used [0x00000000a0000000,0x00000000a3ccd428,0x00000000a5280000)
 Metaspace       used 77735K, capacity 81279K, committed 81496K, reserved 1120256K
  class space    used 9962K, capacity 10789K, committed 10880K, reserved 1048576K
Event: 3036.938 GC heap after
Heap after GC invocations=25 (full 3):
 PSYoungGen      total 290304K, used 15328K [0x00000000e0000000, 0x00000000f3480000, 0x0000000100000000)
  eden space 268288K, 0% used [0x00000000e0000000,0x00000000e0000000,0x00000000f0600000)
  from space 22016K, 69% used [0x00000000f1c80000,0x00000000f2b78230,0x00000000f3200000)
  to   space 23040K, 0% used [0x00000000f0600000,0x00000000f0600000,0x00000000f1c80000)
 ParOldGen       total 84480K, used 62269K [0x00000000a0000000, 0x00000000a5280000, 0x00000000e0000000)
  object space 84480K, 73% used [0x00000000a0000000,0x00000000a3ccf428,0x00000000a5280000)
 Metaspace       used 77735K, capacity 81279K, committed 81496K, reserved 1120256K
  class space    used 9962K, capacity 10789K, committed 10880K, reserved 1048576K
}
Event: 3054.638 GC heap before
{Heap before GC invocations=26 (full 3):
 PSYoungGen      total 290304K, used 283616K [0x00000000e0000000, 0x00000000f3480000, 0x0000000100000000)
  eden space 268288K, 100% used [0x00000000e0000000,0x00000000f0600000,0x00000000f0600000)
  from space 22016K, 69% used [0x00000000f1c80000,0x00000000f2b78230,0x00000000f3200000)
  to   space 23040K, 0% used [0x00000000f0600000,0x00000000f0600000,0x00000000f1c80000)
 ParOldGen       total 84480K, used 62269K [0x00000000a0000000, 0x00000000a5280000, 0x00000000e0000000)
  object space 84480K, 73% used [0x00000000a0000000,0x00000000a3ccf428,0x00000000a5280000)
 Metaspace       used 80076K, capacity 83621K, committed 83928K, reserved 1122304K
  class space    used 10109K, capacity 10950K, committed 11008K, reserved 1048576K
Event: 3054.703 GC heap after
Heap after GC invocations=26 (full 3):
 PSYoungGen      total 291328K, used 23023K [0x00000000e0000000, 0x00000000f5d80000, 0x0000000100000000)
  eden space 268288K, 0% used [0x00000000e0000000,0x00000000e0000000,0x00000000f0600000)
  from space 23040K, 99% used [0x00000000f0600000,0x00000000f1c7bd10,0x00000000f1c80000)
  to   space 27648K, 0% used [0x00000000f4280000,0x00000000f4280000,0x00000000f5d80000)
 ParOldGen       total 84480K, used 65042K [0x00000000a0000000, 0x00000000a5280000, 0x00000000e0000000)
  object space 84480K, 76% used [0x00000000a0000000,0x00000000a3f84958,0x00000000a5280000)
 Metaspace       used 80076K, capacity 83621K, committed 83928K, reserved 1122304K
  class space    used 10109K, capacity 10950K, committed 11008K, reserved 1048576K
}
Event: 3057.493 GC heap before
{Heap before GC invocations=27 (full 3):
 PSYoungGen      total 291328K, used 291178K [0x00000000e0000000, 0x00000000f5d80000, 0x0000000100000000)
  eden space 268288K, 99% used [0x00000000e0000000,0x00000000f05dee58,0x00000000f0600000)
  from space 23040K, 99% used [0x00000000f0600000,0x00000000f1c7bd10,0x00000000f1c80000)
  to   space 27648K, 0% used [0x00000000f4280000,0x00000000f4280000,0x00000000f5d80000)
 ParOldGen       total 84480K, used 65042K [0x00000000a0000000, 0x00000000a5280000, 0x00000000e0000000)
  object space 84480K, 76% used [0x00000000a0000000,0x00000000a3f84958,0x00000000a5280000)
 Metaspace       used 81099K, capacity 84795K, committed 85080K, reserved 1124352K
  class space    used 10264K, capacity 11091K, committed 11136K, reserved 1048576K
Event: 3057.551 GC heap after
Heap after GC invocations=27 (full 3):
 PSYoungGen      total 329216K, used 18803K [0x00000000e0000000, 0x00000000f6b80000, 0x0000000100000000)
  eden space 301568K, 0% used [0x00000000e0000000,0x00000000e0000000,0x00000000f2680000)
  from space 27648K, 68% used [0x00000000f4280000,0x00000000f54dcc30,0x00000000f5d80000)
  to   space 28672K, 0% used [0x00000000f2680000,0x00000000f2680000,0x00000000f4280000)
 ParOldGen       total 84480K, used 72335K [0x00000000a0000000, 0x00000000a5280000, 0x00000000e0000000)
  object space 84480K, 85% used [0x00000000a0000000,0x00000000a46a3f30,0x00000000a5280000)
 Metaspace       used 81099K, capacity 84795K, committed 85080K, reserved 1124352K
  class space    used 10264K, capacity 11091K, committed 11136K, reserved 1048576K
}
Event: 3057.551 GC heap before
{Heap before GC invocations=28 (full 4):
 PSYoungGen      total 329216K, used 18803K [0x00000000e0000000, 0x00000000f6b80000, 0x0000000100000000)
  eden space 301568K, 0% used [0x00000000e0000000,0x00000000e0000000,0x00000000f2680000)
  from space 27648K, 68% used [0x00000000f4280000,0x00000000f54dcc30,0x00000000f5d80000)
  to   space 28672K, 0% used [0x00000000f2680000,0x00000000f2680000,0x00000000f4280000)
 ParOldGen       total 84480K, used 72335K [0x00000000a0000000, 0x00000000a5280000, 0x00000000e0000000)
  object space 84480K, 85% used [0x00000000a0000000,0x00000000a46a3f30,0x00000000a5280000)
 Metaspace       used 81099K, capacity 84795K, committed 85080K, reserved 1124352K
  class space    used 10264K, capacity 11091K, committed 11136K, reserved 1048576K
Event: 3058.088 GC heap after
Heap after GC invocations=28 (full 4):
 PSYoungGen      total 329216K, used 0K [0x00000000e0000000, 0x00000000f6b80000, 0x0000000100000000)
  eden space 301568K, 0% used [0x00000000e0000000,0x00000000e0000000,0x00000000f2680000)
  from space 27648K, 0% used [0x00000000f4280000,0x00000000f4280000,0x00000000f5d80000)
  to   space 28672K, 0% used [0x00000000f2680000,0x00000000f2680000,0x00000000f4280000)
 ParOldGen       total 84480K, used 67072K [0x00000000a0000000, 0x00000000a5280000, 0x00000000e0000000)
  object space 84480K, 79% used [0x00000000a0000000,0x00000000a41803f0,0x00000000a5280000)
 Metaspace       used 81018K, capacity 84531K, committed 85080K, reserved 1124352K
  class space    used 10240K, capacity 11067K, committed 11136K, reserved 1048576K
}

Deoptimization events (10 events):
Event: 3057.327 Thread 0x000000001b09e800 Uncommon trap: reason=class_check action=maybe_recompile pc=0x0000000004b89d88 method=java.util.TreeMap$KeySet.iterator()Ljava/util/Iterator; @ 4
Event: 3057.327 Thread 0x000000001b09e800 Uncommon trap: reason=class_check action=maybe_recompile pc=0x0000000004b9b40c method=java.util.TreeSet.iterator()Ljava/util/Iterator; @ 4
Event: 3057.327 Thread 0x000000001b09e800 Uncommon trap: reason=class_check action=maybe_recompile pc=0x0000000004b89d88 method=java.util.TreeMap$KeySet.iterator()Ljava/util/Iterator; @ 4
Event: 3057.328 Thread 0x000000001b09e800 Uncommon trap: reason=class_check action=maybe_recompile pc=0x0000000004b9b40c method=java.util.TreeSet.iterator()Ljava/util/Iterator; @ 4
Event: 3057.328 Thread 0x000000001b09e800 Uncommon trap: reason=class_check action=maybe_recompile pc=0x0000000004b89d88 method=java.util.TreeMap$KeySet.iterator()Ljava/util/Iterator; @ 4
Event: 3058.156 Thread 0x000000001b09e800 Uncommon trap: reason=bimorphic action=maybe_recompile pc=0x00000000041d3058 method=java.security.MessageDigest$Delegate.clone()Ljava/lang/Object; @ 14
Event: 3058.156 Thread 0x000000001b09e800 Uncommon trap: reason=bimorphic action=maybe_recompile pc=0x00000000041d3058 method=java.security.MessageDigest$Delegate.clone()Ljava/lang/Object; @ 14
Event: 3058.468 Thread 0x00000000191e1800 Uncommon trap: reason=class_check action=maybe_recompile pc=0x0000000002c637e8 method=org.gradle.api.internal.file.pattern.PatternMatcherFactory$PathMatcherBackedSpec.isSatisfiedBy(Lorg/gradle/api/file/RelativePath;)Z @ 23
Event: 3058.468 Thread 0x00000000191e1800 Uncommon trap: reason=unstable_if action=reinterpret pc=0x00000000041db6c4 method=org.gradle.api.internal.file.pattern.FixedStepPathMatcher.matches([Ljava/lang/String;I)Z @ 10
Event: 3058.479 Thread 0x00000000191e1800 Uncommon trap: reason=bimorphic action=maybe_recompile pc=0x00000000041d3058 method=java.security.MessageDigest$Delegate.clone()Ljava/lang/Object; @ 14

Classes redefined (0 events):
No events

Internal exceptions (10 events):
Event: 3056.831 Thread 0x000000001d121800 Exception <a 'java/lang/NoSuchMethodError': <clinit>> (0x00000000e1e8f7d0) thrown at [D:\src\AOSP-openjdk-cygwin\jdk8u\hotspot\src\share\vm\prims\jni.cpp, line 1613]
Event: 3056.832 Thread 0x000000001d121800 Exception <a 'java/lang/NoSuchMethodError': <clinit>> (0x00000000e1ea8000) thrown at [D:\src\AOSP-openjdk-cygwin\jdk8u\hotspot\src\share\vm\prims\jni.cpp, line 1613]
Event: 3056.864 Thread 0x000000001b09d800 Exception <a 'sun/nio/fs/WindowsException'> (0x00000000e262bca0) thrown at [D:\src\AOSP-openjdk-cygwin\jdk8u\hotspot\src\share\vm\prims\jni.cpp, line 709]
Event: 3056.867 Thread 0x000000001b09d800 Exception <a 'sun/nio/fs/WindowsException'> (0x00000000e262ccd0) thrown at [D:\src\AOSP-openjdk-cygwin\jdk8u\hotspot\src\share\vm\prims\jni.cpp, line 709]
Event: 3057.192 Thread 0x000000001b09e800 Exception <a 'java/lang/NoSuchMethodError': java.lang.Object.lambda$comparing$ea9a8b3a$1(Ljava/util/Comparator;Ljava/util/function/Function;Ljava/lang/Object;Ljava/lang/Object;)I> (0x00000000e2c2db58) thrown at [D:\src\AOSP-openjdk-cygwin\jdk8u\hotspot\sr
Event: 3057.326 Thread 0x000000001b09e800 Exception <a 'java/lang/NoSuchMethodError': java.lang.Object.lambda$or$2(Ljava/util/function/Predicate;Ljava/lang/Object;)Z> (0x00000000e2f84318) thrown at [D:\src\AOSP-openjdk-cygwin\jdk8u\hotspot\src\share\vm\interpreter\linkResolver.cpp, line 584]
Event: 3058.183 Thread 0x000000001b09e800 Exception <a 'java/io/FileNotFoundException'> (0x00000000e8304750) thrown at [D:\src\AOSP-openjdk-cygwin\jdk8u\hotspot\src\share\vm\prims\jni.cpp, line 709]
Event: 3058.279 Thread 0x000000001d121800 Exception <a 'sun/nio/fs/WindowsException'> (0x00000000e852ab18) thrown at [D:\src\AOSP-openjdk-cygwin\jdk8u\hotspot\src\share\vm\prims\jni.cpp, line 709]
Event: 3058.279 Thread 0x000000001d121800 Exception <a 'sun/nio/fs/WindowsException'> (0x00000000e852b1b8) thrown at [D:\src\AOSP-openjdk-cygwin\jdk8u\hotspot\src\share\vm\prims\jni.cpp, line 709]
Event: 3058.279 Thread 0x000000001d121800 Exception <a 'sun/nio/fs/WindowsException'> (0x00000000e852c018) thrown at [D:\src\AOSP-openjdk-cygwin\jdk8u\hotspot\src\share\vm\prims\jni.cpp, line 709]

Events (10 events):
Event: 3058.482 loading class sun/nio/cs/UTF_16LE$Decoder
Event: 3058.482 loading class sun/nio/cs/UnicodeDecoder
Event: 3058.483 loading class sun/nio/cs/UnicodeDecoder done
Event: 3058.483 Executing VM operation: Deoptimize
Event: 3058.485 Executing VM operation: Deoptimize done
Event: 3058.485 loading class sun/nio/cs/UTF_16LE$Decoder done
Event: 3058.485 Thread 0x00000000191e1800 DEOPT PACKING pc=0x000000000289b2bc sp=0x0000000028e1c370
Event: 3058.485 Thread 0x00000000191e1800 DEOPT UNPACKING pc=0x00000000022071d0 sp=0x0000000028e1c098 mode 0
Event: 3058.487 loading class com/google/common/collect/TreeTraverser$BreadthFirstIterator
Event: 3058.487 loading class com/google/common/collect/TreeTraverser$BreadthFirstIterator done


Dynamic libraries:
0x00007ff671a00000 - 0x00007ff671a31000 	C:\Program Files\Android\Android Studio\jre\bin\java.exe
0x00007ffde9f70000 - 0x00007ffdea151000 	C:\Windows\SYSTEM32\ntdll.dll
0x00007ffdc9920000 - 0x00007ffdc9954000 	C:\Program Files\AVAST Software\Avast\x64\aswhooka.dll
0x00007ffde7d10000 - 0x00007ffde7dc2000 	C:\Windows\System32\KERNEL32.DLL
0x00007ffde7180000 - 0x00007ffde73f3000 	C:\Windows\System32\KERNELBASE.dll
0x00007ffde7aa0000 - 0x00007ffde7b41000 	C:\Windows\System32\ADVAPI32.dll
0x00007ffde9be0000 - 0x00007ffde9c7e000 	C:\Windows\System32\msvcrt.dll
0x00007ffde9c80000 - 0x00007ffde9cdb000 	C:\Windows\System32\sechost.dll
0x00007ffde9ab0000 - 0x00007ffde9bd4000 	C:\Windows\System32\RPCRT4.dll
0x00007ffde9ce0000 - 0x00007ffde9e70000 	C:\Windows\System32\USER32.dll
0x00007ffde7110000 - 0x00007ffde7130000 	C:\Windows\System32\win32u.dll
0x00007ffde79b0000 - 0x00007ffde79d8000 	C:\Windows\System32\GDI32.dll
0x00007ffde64e0000 - 0x00007ffde6672000 	C:\Windows\System32\gdi32full.dll
0x00007ffde6440000 - 0x00007ffde64df000 	C:\Windows\System32\msvcp_win.dll
0x00007ffde6340000 - 0x00007ffde643a000 	C:\Windows\System32\ucrtbase.dll
0x00007ffdd7e40000 - 0x00007ffdd80a9000 	C:\Windows\WinSxS\amd64_microsoft.windows.common-controls_6595b64144ccf1df_6.0.17134.83_none_b4b229b63cb4d045\COMCTL32.dll
0x00007ffde9530000 - 0x00007ffde9853000 	C:\Windows\System32\combase.dll
0x00007ffde6ea0000 - 0x00007ffde6f1a000 	C:\Windows\System32\bcryptPrimitives.dll
0x00007ffde9e70000 - 0x00007ffde9e9d000 	C:\Windows\System32\IMM32.DLL
0x0000000077450000 - 0x0000000077522000 	C:\Program Files\Android\Android Studio\jre\jre\bin\msvcr100.dll
0x0000000077610000 - 0x0000000077e4f000 	C:\Program Files\Android\Android Studio\jre\jre\bin\server\jvm.dll
0x00007ffde7ce0000 - 0x00007ffde7ce8000 	C:\Windows\System32\PSAPI.DLL
0x00007ffde2a80000 - 0x00007ffde2a89000 	C:\Windows\SYSTEM32\WSOCK32.dll
0x00007ffde9970000 - 0x00007ffde99dc000 	C:\Windows\System32\WS2_32.dll
0x00007ffde3fd0000 - 0x00007ffde3ff3000 	C:\Windows\SYSTEM32\WINMM.dll
0x00007ffde1910000 - 0x00007ffde191a000 	C:\Windows\SYSTEM32\VERSION.dll
0x00007ffde3e00000 - 0x00007ffde3e2a000 	C:\Windows\SYSTEM32\WINMMBASE.dll
0x00007ffde7130000 - 0x00007ffde7179000 	C:\Windows\System32\cfgmgr32.dll
0x00007ffde1700000 - 0x00007ffde170f000 	C:\Program Files\Android\Android Studio\jre\jre\bin\verify.dll
0x00007ffddf840000 - 0x00007ffddf869000 	C:\Program Files\Android\Android Studio\jre\jre\bin\java.dll
0x00007ffddf820000 - 0x00007ffddf836000 	C:\Program Files\Android\Android Studio\jre\jre\bin\zip.dll
0x00007ffde7dd0000 - 0x00007ffde9210000 	C:\Windows\System32\SHELL32.dll
0x00007ffde7bb0000 - 0x00007ffde7c59000 	C:\Windows\System32\shcore.dll
0x00007ffde6790000 - 0x00007ffde6e9d000 	C:\Windows\System32\windows.storage.dll
0x00007ffde79e0000 - 0x00007ffde7a31000 	C:\Windows\System32\shlwapi.dll
0x00007ffde62d0000 - 0x00007ffde62e1000 	C:\Windows\System32\kernel.appcore.dll
0x00007ffde62a0000 - 0x00007ffde62bf000 	C:\Windows\System32\profapi.dll
0x00007ffde62f0000 - 0x00007ffde633c000 	C:\Windows\System32\powrprof.dll
0x00007ffde62c0000 - 0x00007ffde62ca000 	C:\Windows\System32\FLTLIB.DLL
0x00007ffddf800000 - 0x00007ffddf81a000 	C:\Program Files\Android\Android Studio\jre\jre\bin\net.dll
0x00007ffde5aa0000 - 0x00007ffde5b06000 	C:\Windows\system32\mswsock.dll
0x00007ffddf4b0000 - 0x00007ffddf4c1000 	C:\Program Files\Android\Android Studio\jre\jre\bin\nio.dll
0x00007ffddf0f0000 - 0x00007ffddf10e000 	C:\Users\DM\.gradle\native\25\windows-amd64\native-platform.dll
0x00007ffde0e80000 - 0x00007ffde0e8d000 	C:\Program Files\Android\Android Studio\jre\jre\bin\management.dll
0x00007ffde5c50000 - 0x00007ffde5c67000 	C:\Windows\SYSTEM32\CRYPTSP.dll
0x00007ffde5680000 - 0x00007ffde56b3000 	C:\Windows\system32\rsaenh.dll
0x00007ffde5de0000 - 0x00007ffde5e05000 	C:\Windows\SYSTEM32\bcrypt.dll
0x00007ffde6180000 - 0x00007ffde61a8000 	C:\Windows\SYSTEM32\USERENV.dll
0x00007ffde5c70000 - 0x00007ffde5c7b000 	C:\Windows\SYSTEM32\CRYPTBASE.dll
0x00007ffde5820000 - 0x00007ffde5858000 	C:\Windows\SYSTEM32\IPHLPAPI.DLL
0x00007ffde9960000 - 0x00007ffde9968000 	C:\Windows\System32\NSI.dll
0x00007ffddec20000 - 0x00007ffddec36000 	C:\Windows\SYSTEM32\dhcpcsvc6.DLL
0x00007ffddecd0000 - 0x00007ffddecea000 	C:\Windows\SYSTEM32\dhcpcsvc.DLL
0x00007ffdd99b0000 - 0x00007ffdd99d4000 	C:\Program Files\Android\Android Studio\jre\jre\bin\sunec.dll
0x00007ffde5860000 - 0x00007ffde591e000 	C:\Windows\SYSTEM32\DNSAPI.dll
0x00007ffddbeb0000 - 0x00007ffddbeba000 	C:\Windows\System32\rasadhlp.dll
0x00007ffddcc10000 - 0x00007ffddcc82000 	C:\Windows\System32\fwpuclnt.dll
0x00007ffddf440000 - 0x00007ffddf44b000 	C:\Program Files\Android\Android Studio\jre\jre\bin\sunmscapi.dll
0x00007ffde6f20000 - 0x00007ffde7102000 	C:\Windows\System32\CRYPT32.dll
0x00007ffde6280000 - 0x00007ffde6292000 	C:\Windows\System32\MSASN1.dll
0x00007ffde4600000 - 0x00007ffde468b000 	C:\Windows\system32\apphelp.dll
0x00007ffde5370000 - 0x00007ffde53a1000 	C:\Windows\SYSTEM32\ntmarta.dll

VM Arguments:
jvm_args: -Xmx1536m -Dfile.encoding=windows-1251 -Duser.country=UA -Duser.language=uk -Duser.variant 
java_command: org.gradle.launcher.daemon.bootstrap.GradleDaemon 4.4
java_class_path (initial): C:\Users\DM\.gradle\wrapper\dists\gradle-4.4-all\9br9xq1tocpiv8o6njlyu5op1\gradle-4.4\lib\gradle-launcher-4.4.jar
Launcher Type: SUN_STANDARD

Environment Variables:
PATH=C:\Windows\system32;C:\Windows;C:\Windows\System32\Wbem;C:\Windows\System32\WindowsPowerShell\v1.0\;C:\Windows\System32\OpenSSH\;C:\Program Files (x86)\Skype\Phone\;C:\Users\DM\AppData\Local\Microsoft\WindowsApps;
USERNAME=DM
OS=Windows_NT
PROCESSOR_IDENTIFIER=AMD64 Family 21 Model 19 Stepping 1, AuthenticAMD



---------------  S Y S T E M  ---------------

OS: Windows 10.0 , 64 bit Build 17134 (10.0.17134.1)

CPU:total 4 (initial active 4) (4 cores per cpu, 1 threads per core) family 21 model 19 stepping 1, cmov, cx8, fxsr, mmx, sse, sse2, sse3, ssse3, sse4.1, sse4.2, popcnt, avx, aes, clmul, mmxext, 3dnowpref, lzcnt, sse4a, tsc, tscinvbit, tscinv, bmi1

Memory: 4k page, physical 5715312k(400524k free), swap 5715312k(6508k free)

vm_info: OpenJDK 64-Bit Server VM (25.152-b02) for windows-amd64 JRE (1.8.0_152-release-1024-b02), built by "builder" with MS VC++ 10.0 (VS2010)

time: Tue Jun 12 22:22:18 2018
elapsed time: 3058 seconds (0d 0h 50m 58s)

